<?xml version="1.0" encoding="UTF-8"?>
<!-- Generated by org.testng.reporters.JUnitReportReporter -->
<testsuite hostname="LAPTOP-HGGEC2PE" failures="0" tests="1" name="pkg1.NewTest54" time="23.549" errors="0" timestamp="2020-03-24T13:38:07 IST" skipped="0">
  <testcase classname="pkg1.NewTest54" name="f" time="23.549"/>
</testsuite> <!-- pkg1.NewTest54 -->
