<?xml version="1.0" encoding="UTF-8"?>
<!-- Generated by org.testng.reporters.JUnitReportReporter -->
<testsuite hostname="LAPTOP-HGGEC2PE" failures="0" tests="1" name="pkg1.NewTest54" time="26.073" errors="0" timestamp="2020-03-03T16:52:33 IST" skipped="0">
  <testcase classname="pkg1.NewTest54" name="f" time="26.073"/>
</testsuite> <!-- pkg1.NewTest54 -->
